<?xml version="1.0" encoding="UTF-8"?>
<testsuite name="up.pi4.samples.javafx.GraphTest" tests="1" skipped="0" failures="0" errors="0" timestamp="2021-05-16T08:58:28" hostname="Air-de-Nael" time="0.02">
  <properties/>
  <testcase name="testAppHasAGreeting" classname="up.pi4.samples.javafx.GraphTest" time="0.02"/>
  <system-out><![CDATA[]]></system-out>
  <system-err><![CDATA[]]></system-err>
</testsuite>
